<?xml version="1.0" encoding="UTF-8"?>
<testsuite name="UserFunctionsTest" tests="2" skipped="0" failures="0" errors="0" timestamp="2020-02-24T19:50:13" hostname="LAP-LIN-1142" time="0.003">
  <properties/>
  <testcase name="test user creation" classname="UserFunctionsTest" time="0.003"/>
  <testcase name="test bill creation" classname="UserFunctionsTest" time="0.0"/>
  <system-out><![CDATA[]]></system-out>
  <system-err><![CDATA[]]></system-err>
</testsuite>
