<?xml version="1.0" encoding="UTF-8"?>
<testsuite name="UserFunctionsTest" tests="5" skipped="0" failures="0" errors="0" timestamp="2020-02-25T10:04:10" hostname="LAP-LIN-1142" time="0.012">
  <properties/>
  <testcase name="test delete bill" classname="UserFunctionsTest" time="0.01"/>
  <testcase name="test delete user" classname="UserFunctionsTest" time="0.0"/>
  <testcase name="test user creation" classname="UserFunctionsTest" time="0.0"/>
  <testcase name="test create user route" classname="UserFunctionsTest" time="0.001"/>
  <testcase name="test bill creation" classname="UserFunctionsTest" time="0.0"/>
  <system-out><![CDATA[]]></system-out>
  <system-err><![CDATA[]]></system-err>
</testsuite>
